Reading Category files ...

Category files reading completed
Analyze Log content ...
 LOG ASSURA
(    3)  GRPD4b: Local 50x50 area M1 density > 85            0            0
GRPD4b - 0 - 0 - aGRA{GRPD4b}: 0
(    4)  GRPDR3: Local 300X300 area M2 density >             0            0
GRPDR3 - 0 - 0 - aGRA{GRPDR3}: 0
(    5)  GRPDR4: Local 400X400 area M2/M3 density            0            0
GRPDR4 - 0 - 0 - aGRA{GRPDR4}: 0
(    6)  GRPDR3: Local 300X300 area M3 density >             0            0
GRPDR3 - 0 - 0 - aGRA{GRPDR3}: 0
(    7)  GRPDR4: Local 400X400 area M3/M4 density            0            0
GRPDR4 - 0 - 0 - aGRA{GRPDR4}: 0
(    8)  GRPDR3: Local 300X300 area M4 density >             0            0
GRPDR3 - 0 - 0 - aGRA{GRPDR3}: 0
(    9)  GRPDR4: Local 400X400 area M4/M5 density            0            0
GRPDR4 - 0 - 0 - aGRA{GRPDR4}: 0
(   10)  GRPDR3: Local 300X300 area M5 density >             0            0
GRPDR3 - 0 - 0 - aGRA{GRPDR3}: 0
(   11)  GR214: CA/CABAR Local 25x25 density > 16            0            0
GR214 - 0 - 0 - aGRA{GR214}: 0
(   12)  GREPDL_M1_min: M1(estimated) density (mi            0            0
(   13)  GREPDLi_M1_min: M1 under inductor or bon            0            0
(   14)  GRA501d: M1 density (max) <= 80% (window            0            0
GRA501d - 0 - 0 - aGRA{GRA501d}: 0
(   15)  GREPDL_M2_min: M2(estimated) local densi            0            0
(   16)  GRPDR3: M2 local density (max) <= 82% (w            0            0
GRPDR3 - 0 - 0 - aGRA{GRPDR3}: 0
(   17)  GREPDL_M3_min: M3(estimated) local densi            0            0
(   18)  GRPDR3: M3 local density (max) <= 82% (w            0            0
GRPDR3 - 0 - 0 - aGRA{GRPDR3}: 0
(   19)  GREPDL_M4_min: M4(estimated) local densi            0            0
(   20)  GRPDR3: M4 local density (max) <= 82% (w            0            0
GRPDR3 - 0 - 0 - aGRA{GRPDR3}: 0
(   21)  GREPDL_M5_min: M5(estimated) local densi            0            0
(   22)  GRPDR3: M5 local density (max) <= 82% (w            0            0
GRPDR3 - 0 - 0 - aGRA{GRPDR3}: 0
(   23)  GREPDL_MT_min: MT(estimated) local densi            0            0
(   24)  GREPDL_RX_min: RX(estimated) density aft            0            0
(   25)  GREPDL_RX_max: RX(estimated) density aft            0            0
Log analysis completed
Sort and new log creation for Assura ...
 Sort tasks completed
