================================================================================
Rule No. 2 : # INFO: I/O PADS = WIREBOND #

Real Error Count : 1; Flat Error Count : 1
================================================================================

--------------------------------------------------------------------------------
Cell Name : curr_mirror_dummy layout TUTORIAL

                   Cell Errors    Real Errors   Cell Placements     Environments
                             1              1                 1                1
--------------------------------------------------------------------------------
Env.  Env. Placements            X1           Y1          X2           Y2

  1        1                  0.000        0.000      73.140       30.980

Shape               Environments Status & Error Marker 

          1           X1         Y1         X2         Y2

   1      X        0.000      0.000     73.140     30.980

================================================================================
Rule No. 3021 : # INFO: H18REV5 ASSURA DRC DECK (REV DATE 20/02/2013) #

Real Error Count : 1; Flat Error Count : 1
================================================================================

--------------------------------------------------------------------------------
Cell Name : curr_mirror_dummy layout TUTORIAL

                   Cell Errors    Real Errors   Cell Placements     Environments
                             1              1                 1                1
--------------------------------------------------------------------------------
Env.  Env. Placements            X1           Y1          X2           Y2

  1        1                  0.000        0.000      73.140       30.980

Shape               Environments Status & Error Marker 

          1           X1         Y1         X2         Y2

   1      X        0.000      0.000     73.140     30.980

