================================================================================
Rule No. 2 : # INFO: I/O PADS = WIREBOND #

Real Error Count : 1; Flat Error Count : 1
================================================================================

--------------------------------------------------------------------------------
Cell Name : curr_mirror layout TUTORIAL

                   Cell Errors    Real Errors   Cell Placements     Environments
                             1              1                 1                1
--------------------------------------------------------------------------------
Env.  Env. Placements            X1           Y1          X2           Y2

  1        1                 -1.040        0.000      57.540       35.680

Shape               Environments Status & Error Marker 

          1           X1         Y1         X2         Y2

   1      X       -1.040      0.000     57.540     35.680

================================================================================
Rule No. 1257 : GR501a: M1 area >= 0.172 sq.um.

Real Error Count : 1; Flat Error Count : 1
================================================================================

--------------------------------------------------------------------------------
Cell Name : curr_mirror layout TUTORIAL

                   Cell Errors    Real Errors   Cell Placements     Environments
                             1              1                 1                1
--------------------------------------------------------------------------------
Env.  Env. Placements            X1           Y1          X2           Y2

  1        1                  4.160       20.190       4.500       20.460

Shape               Environments Status & Error Marker 

          1           X1         Y1         X2         Y2

   1      X        4.160     20.190      4.500     20.460

================================================================================
Rule No. 1259 : GR502: M1 space >= 0.200 um.

Real Error Count : 1; Flat Error Count : 1
================================================================================

--------------------------------------------------------------------------------
Cell Name : curr_mirror layout TUTORIAL

                   Cell Errors    Real Errors   Cell Placements     Environments
                             1              1                 1                1
--------------------------------------------------------------------------------
Env.  Env. Placements            X1           Y1          X2           Y2

  1        1                  4.160       20.460       4.696       20.500

Shape               Environments Status & Error Marker 

          1           X1         Y1         X2         Y2

   1      X        4.160     20.460      4.696     20.500

================================================================================
Rule No. 3021 : # INFO: H18REV5 ASSURA DRC DECK (REV DATE 20/02/2013) #

Real Error Count : 1; Flat Error Count : 1
================================================================================

--------------------------------------------------------------------------------
Cell Name : curr_mirror layout TUTORIAL

                   Cell Errors    Real Errors   Cell Placements     Environments
                             1              1                 1                1
--------------------------------------------------------------------------------
Env.  Env. Placements            X1           Y1          X2           Y2

  1        1                 -1.040        0.000      57.540       35.680

Shape               Environments Status & Error Marker 

          1           X1         Y1         X2         Y2

   1      X       -1.040      0.000     57.540     35.680

